2025-07-21 03:32:32,316 - INFO - root - Application startup... (main.py:32)
2025-07-21 03:32:32,319 - INFO - apscheduler.scheduler - Adding job tentatively -- it will be properly scheduled when the scheduler starts (base.py:507)
2025-07-21 03:32:32,319 - INFO - apscheduler.scheduler - Adding job tentatively -- it will be properly scheduled when the scheduler starts (base.py:507)
2025-07-21 03:32:32,319 - INFO - apscheduler.scheduler - Added job "run_batting_pitching_data_collect_final" to job store "default" (base.py:1090)
2025-07-21 03:32:32,320 - INFO - apscheduler.scheduler - Added job "run_game_data_collect_final" to job store "default" (base.py:1090)
2025-07-21 03:32:32,320 - INFO - apscheduler.scheduler - Scheduler started (base.py:214)
2025-07-21 03:32:57,349 - INFO - apscheduler.scheduler - Scheduler has been shut down (base.py:245)
2025-07-21 03:33:12,466 - INFO - root - Application startup... (main.py:32)
2025-07-21 03:33:12,469 - INFO - apscheduler.scheduler - Adding job tentatively -- it will be properly scheduled when the scheduler starts (base.py:507)
2025-07-21 03:33:12,469 - INFO - apscheduler.scheduler - Adding job tentatively -- it will be properly scheduled when the scheduler starts (base.py:507)
2025-07-21 03:33:12,470 - INFO - apscheduler.scheduler - Added job "run_batting_pitching_data_collect_final" to job store "default" (base.py:1090)
2025-07-21 03:33:12,470 - INFO - apscheduler.scheduler - Added job "run_game_data_collect_final" to job store "default" (base.py:1090)
2025-07-21 03:33:12,470 - INFO - apscheduler.scheduler - Scheduler started (base.py:214)
2025-07-21 03:34:46,380 - INFO - apscheduler.scheduler - Scheduler has been shut down (base.py:245)
2025-07-21 03:35:01,570 - INFO - root - Application startup... (main.py:32)
2025-07-21 03:35:01,573 - INFO - apscheduler.scheduler - Adding job tentatively -- it will be properly scheduled when the scheduler starts (base.py:507)
2025-07-21 03:35:01,573 - INFO - apscheduler.scheduler - Adding job tentatively -- it will be properly scheduled when the scheduler starts (base.py:507)
2025-07-21 03:35:01,574 - INFO - apscheduler.scheduler - Added job "run_batting_pitching_data_collect_final" to job store "default" (base.py:1090)
2025-07-21 03:35:01,574 - INFO - apscheduler.scheduler - Added job "run_game_data_collect_final" to job store "default" (base.py:1090)
2025-07-21 03:35:01,574 - INFO - apscheduler.scheduler - Scheduler started (base.py:214)
2025-07-21 04:23:23,234 - INFO - apscheduler.scheduler - Scheduler has been shut down (base.py:245)
